<html>
<head>
<title>TestNG:  TutorialsNinja Tests</title>
<link href="../testng.css" rel="stylesheet" type="text/css" />
<link href="../my-testng.css" rel="stylesheet" type="text/css" />

<style type="text/css">
.log { display: none;} 
.stack-trace { display: none;} 
</style>
<script type="text/javascript">
<!--
function flip(e) {
  current = e.style.display;
  if (current == 'block') {
    e.style.display = 'none';
    return 0;
  }
  else {
    e.style.display = 'block';
    return 1;
  }
}

function toggleBox(szDivId, elem, msg1, msg2)
{
  var res = -1;  if (document.getElementById) {
    res = flip(document.getElementById(szDivId));
  }
  else if (document.all) {
    // this is the way old msie versions work
    res = flip(document.all[szDivId]);
  }
  if(elem) {
    if(res == 0) elem.innerHTML = msg1; else elem.innerHTML = msg2;
  }

}

function toggleAllBoxes() {
  if (document.getElementsByTagName) {
    d = document.getElementsByTagName('div');
    for (i = 0; i < d.length; i++) {
      if (d[i].className == 'log') {
        flip(d[i]);
      }
    }
  }
}

// -->
</script>

</head>
<body>
<h2 align='center'>TutorialsNinja Tests</h2><table border='1' align="center">
<tr>
<td>Tests passed/Failed/Skipped:</td><td>12/1/1</td>
</tr><tr>
<td>Started on:</td><td>Wed Feb 08 18:03:26 GMT 2023</td>
</tr>
<tr><td>Total time:</td><td>77 seconds (77693 ms)</td>
</tr><tr>
<td>Included groups:</td><td></td>
</tr><tr>
<td>Excluded groups:</td><td></td>
</tr>
</table><p/>
<small><i>(Hover the method name to see the test class name)</i></small><p/>
<table width='100%' border='1' class='invocation-failed'>
<tr><td colspan='4' align='center'><b>FAILED TESTS</b></td></tr>
<tr><td><b>Test method</b></td>
<td width="30%"><b>Exception</b></td>
<td width="10%"><b>Time (seconds)</b></td>
<td><b>Instance</b></td>
</tr>
<tr>
<td title='com.tutoialsninja.qa.testcasesWithPageObject.SearchTest.verifySearchWithInvalidProduct()'><b>verifySearchWithInvalidProduct</b><br>Test class: com.tutoialsninja.qa.testcasesWithPageObject.SearchTest</td>
<td><div><pre>java.lang.AssertionError: No product message in search results is not displayed expected [abcd] but found [There is no product that matches the search criteria.]
	at com.tutoialsninja.qa.testcasesWithPageObject.SearchTest.verifySearchWithInvalidProduct(SearchTest.java:49)
	at java.base/java.util.ArrayList.forEach(ArrayList.java:1511)
... Removed 30 stack frames</pre></div><a href='#' onClick='toggleBox("stack-trace429462686", this, "Click to show all stack frames", "Click to hide stack frames")'>Click to show all stack frames</a>
<div class='stack-trace' id='stack-trace429462686'><pre>java.lang.AssertionError: No product message in search results is not displayed expected [abcd] but found [There is no product that matches the search criteria.]
	at org.testng.Assert.fail(Assert.java:110)
	at org.testng.Assert.failNotEquals(Assert.java:1413)
	at org.testng.Assert.assertEqualsImpl(Assert.java:149)
	at org.testng.Assert.assertEquals(Assert.java:131)
	at org.testng.Assert.assertEquals(Assert.java:655)
	at com.tutoialsninja.qa.testcasesWithPageObject.SearchTest.verifySearchWithInvalidProduct(SearchTest.java:49)
	at java.base/jdk.internal.reflect.DirectMethodHandleAccessor.invoke(DirectMethodHandleAccessor.java:104)
	at java.base/java.lang.reflect.Method.invoke(Method.java:578)
	at org.testng.internal.invokers.MethodInvocationHelper.invokeMethod(MethodInvocationHelper.java:135)
	at org.testng.internal.invokers.TestInvoker.invokeMethod(TestInvoker.java:673)
	at org.testng.internal.invokers.TestInvoker.invokeTestMethod(TestInvoker.java:220)
	at org.testng.internal.invokers.MethodRunner.runInSequence(MethodRunner.java:50)
	at org.testng.internal.invokers.TestInvoker$MethodInvocationAgent.invoke(TestInvoker.java:945)
	at org.testng.internal.invokers.TestInvoker.invokeTestMethods(TestInvoker.java:193)
	at org.testng.internal.invokers.TestMethodWorker.invokeTestMethods(TestMethodWorker.java:146)
	at org.testng.internal.invokers.TestMethodWorker.run(TestMethodWorker.java:128)
	at java.base/java.util.ArrayList.forEach(ArrayList.java:1511)
	at org.testng.TestRunner.privateRun(TestRunner.java:808)
	at org.testng.TestRunner.run(TestRunner.java:603)
	at org.testng.SuiteRunner.runTest(SuiteRunner.java:429)
	at org.testng.SuiteRunner.runSequentially(SuiteRunner.java:423)
	at org.testng.SuiteRunner.privateRun(SuiteRunner.java:383)
	at org.testng.SuiteRunner.run(SuiteRunner.java:326)
	at org.testng.SuiteRunnerWorker.runSuite(SuiteRunnerWorker.java:52)
	at org.testng.SuiteRunnerWorker.run(SuiteRunnerWorker.java:95)
	at org.testng.TestNG.runSuitesSequentially(TestNG.java:1249)
	at org.testng.TestNG.runSuitesLocally(TestNG.java:1169)
	at org.testng.TestNG.runSuites(TestNG.java:1092)
	at org.testng.TestNG.run(TestNG.java:1060)
	at org.testng.remote.AbstractRemoteTestNG.run(AbstractRemoteTestNG.java:115)
	at org.testng.remote.RemoteTestNG.initAndRun(RemoteTestNG.java:251)
	at org.testng.remote.RemoteTestNG.main(RemoteTestNG.java:77)
</pre></div></td>
<td>0</td>
<td>com.tutoialsninja.qa.testcasesWithPageObject.SearchTest@1623b78d</td></tr>
</table><p>
<table width='100%' border='1' class='invocation-passed'>
<tr><td colspan='4' align='center'><b>PASSED TESTS</b></td></tr>
<tr><td><b>Test method</b></td>
<td width="30%"><b>Exception</b></td>
<td width="10%"><b>Time (seconds)</b></td>
<td><b>Instance</b></td>
</tr>
<tr>
<td title='com.tutoialsninja.qa.testcasesWithPageObject.LoginTest.verifyLoginWithValidEmailAndInvalidPasswordCredentials()'><b>verifyLoginWithValidEmailAndInvalidPasswordCredentials</b><br>Test class: com.tutoialsninja.qa.testcasesWithPageObject.LoginTest</td>
<td></td>
<td>0</td>
<td>com.tutoialsninja.qa.testcasesWithPageObject.LoginTest@4a94ee4</td></tr>
<tr>
<td title='com.tutoialsninja.qa.testcasesWithPageObject.LoginTest.verifyLoginWithValidCredentials()'><b>verifyLoginWithValidCredentials</b><br>Test class: com.tutoialsninja.qa.testcasesWithPageObject.LoginTest<br>Parameters: amotooricap3@gmail.com, 12345</td>
<td></td>
<td>1</td>
<td>com.tutoialsninja.qa.testcasesWithPageObject.LoginTest@4a94ee4</td></tr>
<tr>
<td title='com.tutoialsninja.qa.testcasesWithPageObject.LoginTest.verifyLoginWithoutEmailAndPassword()'><b>verifyLoginWithoutEmailAndPassword</b><br>Test class: com.tutoialsninja.qa.testcasesWithPageObject.LoginTest</td>
<td></td>
<td>0</td>
<td>com.tutoialsninja.qa.testcasesWithPageObject.LoginTest@4a94ee4</td></tr>
<tr>
<td title='com.tutoialsninja.qa.testcasesWithPageObject.LoginTest.verifyLoginWithInvalidCredentials()'><b>verifyLoginWithInvalidCredentials</b><br>Test class: com.tutoialsninja.qa.testcasesWithPageObject.LoginTest</td>
<td></td>
<td>0</td>
<td>com.tutoialsninja.qa.testcasesWithPageObject.LoginTest@4a94ee4</td></tr>
<tr>
<td title='com.tutoialsninja.qa.testcasesWithPageObject.SearchTest.verifySearchWithValidProduct()'><b>verifySearchWithValidProduct</b><br>Test class: com.tutoialsninja.qa.testcasesWithPageObject.SearchTest</td>
<td></td>
<td>0</td>
<td>com.tutoialsninja.qa.testcasesWithPageObject.SearchTest@1623b78d</td></tr>
<tr>
<td title='com.tutoialsninja.qa.testcasesWithPageObject.RegisterTest.verifyRegisteringAnAccountByProvidindAllFields()'><b>verifyRegisteringAnAccountByProvidindAllFields</b><br>Test class: com.tutoialsninja.qa.testcasesWithPageObject.RegisterTest</td>
<td></td>
<td>1</td>
<td>com.tutoialsninja.qa.testcasesWithPageObject.RegisterTest@2b662a77</td></tr>
<tr>
<td title='com.tutoialsninja.qa.testcasesWithPageObject.LoginTest.verifyLoginWithValidCredentials()'><b>verifyLoginWithValidCredentials</b><br>Test class: com.tutoialsninja.qa.testcasesWithPageObject.LoginTest<br>Parameters: amotooricap1@gmail.com, 12345</td>
<td></td>
<td>1</td>
<td>com.tutoialsninja.qa.testcasesWithPageObject.LoginTest@4a94ee4</td></tr>
<tr>
<td title='com.tutoialsninja.qa.testcasesWithPageObject.RegisterTest.verifyRegisteringAnAccountWithAnExistingEmailAddress()'><b>verifyRegisteringAnAccountWithAnExistingEmailAddress</b><br>Test class: com.tutoialsninja.qa.testcasesWithPageObject.RegisterTest</td>
<td></td>
<td>1</td>
<td>com.tutoialsninja.qa.testcasesWithPageObject.RegisterTest@2b662a77</td></tr>
<tr>
<td title='com.tutoialsninja.qa.testcasesWithPageObject.LoginTest.verifyLoginWithValidCredentials()'><b>verifyLoginWithValidCredentials</b><br>Test class: com.tutoialsninja.qa.testcasesWithPageObject.LoginTest<br>Parameters: amotooricap9@gmail.com, 12345</td>
<td></td>
<td>1</td>
<td>com.tutoialsninja.qa.testcasesWithPageObject.LoginTest@4a94ee4</td></tr>
<tr>
<td title='com.tutoialsninja.qa.testcasesWithPageObject.RegisterTest.verifyRegisteringAnAccountWithoutFillingAnyDetails()'><b>verifyRegisteringAnAccountWithoutFillingAnyDetails</b><br>Test class: com.tutoialsninja.qa.testcasesWithPageObject.RegisterTest</td>
<td></td>
<td>0</td>
<td>com.tutoialsninja.qa.testcasesWithPageObject.RegisterTest@2b662a77</td></tr>
<tr>
<td title='com.tutoialsninja.qa.testcasesWithPageObject.RegisterTest.verifyRegisteringAnAccountWithMandatoryFields()'><b>verifyRegisteringAnAccountWithMandatoryFields</b><br>Test class: com.tutoialsninja.qa.testcasesWithPageObject.RegisterTest</td>
<td></td>
<td>1</td>
<td>com.tutoialsninja.qa.testcasesWithPageObject.RegisterTest@2b662a77</td></tr>
<tr>
<td title='com.tutoialsninja.qa.testcasesWithPageObject.LoginTest.verifyLoginWithInvalidEmailAndInvalidPasswordCredentials()'><b>verifyLoginWithInvalidEmailAndInvalidPasswordCredentials</b><br>Test class: com.tutoialsninja.qa.testcasesWithPageObject.LoginTest</td>
<td></td>
<td>0</td>
<td>com.tutoialsninja.qa.testcasesWithPageObject.LoginTest@4a94ee4</td></tr>
</table><p>
<table width='100%' border='1' class='invocation-skipped'>
<tr><td colspan='4' align='center'><b>SKIPPED TESTS</b></td></tr>
<tr><td><b>Test method</b></td>
<td width="30%"><b>Exception</b></td>
<td width="10%"><b>Time (seconds)</b></td>
<td><b>Instance</b></td>
</tr>
<tr>
<td title='com.tutoialsninja.qa.testcasesWithPageObject.SearchTest.verifySearchWithoutAnyProduct()'><b>verifySearchWithoutAnyProduct</b><br>Test class: com.tutoialsninja.qa.testcasesWithPageObject.SearchTest</td>
<td><div><pre>java.lang.Throwable: Method com.tutoialsninja.qa.testcasesWithPageObject.SearchTest.verifySearchWithoutAnyProduct() on instance com.tutoialsninja.qa.testcasesWithPageObject.SearchTest@1623b78d depends on not successfully finished methods 
[com.tutoialsninja.qa.testcasesWithPageObject.SearchTest.verifySearchWithInvalidProduct() on instance com.tutoialsninja.qa.testcasesWithPageObject.SearchTest@1623b78d]
	at java.base/java.util.ArrayList.forEach(ArrayList.java:1511)
... Removed 18 stack frames</pre></div><a href='#' onClick='toggleBox("stack-trace1773813582", this, "Click to show all stack frames", "Click to hide stack frames")'>Click to show all stack frames</a>
<div class='stack-trace' id='stack-trace1773813582'><pre>java.lang.Throwable: Method com.tutoialsninja.qa.testcasesWithPageObject.SearchTest.verifySearchWithoutAnyProduct() on instance com.tutoialsninja.qa.testcasesWithPageObject.SearchTest@1623b78d depends on not successfully finished methods 
[com.tutoialsninja.qa.testcasesWithPageObject.SearchTest.verifySearchWithInvalidProduct() on instance com.tutoialsninja.qa.testcasesWithPageObject.SearchTest@1623b78d]
	at org.testng.internal.invokers.TestInvoker.invokeTestMethods(TestInvoker.java:149)
	at org.testng.internal.invokers.TestMethodWorker.invokeTestMethods(TestMethodWorker.java:146)
	at org.testng.internal.invokers.TestMethodWorker.run(TestMethodWorker.java:128)
	at java.base/java.util.ArrayList.forEach(ArrayList.java:1511)
	at org.testng.TestRunner.privateRun(TestRunner.java:808)
	at org.testng.TestRunner.run(TestRunner.java:603)
	at org.testng.SuiteRunner.runTest(SuiteRunner.java:429)
	at org.testng.SuiteRunner.runSequentially(SuiteRunner.java:423)
	at org.testng.SuiteRunner.privateRun(SuiteRunner.java:383)
	at org.testng.SuiteRunner.run(SuiteRunner.java:326)
	at org.testng.SuiteRunnerWorker.runSuite(SuiteRunnerWorker.java:52)
	at org.testng.SuiteRunnerWorker.run(SuiteRunnerWorker.java:95)
	at org.testng.TestNG.runSuitesSequentially(TestNG.java:1249)
	at org.testng.TestNG.runSuitesLocally(TestNG.java:1169)
	at org.testng.TestNG.runSuites(TestNG.java:1092)
	at org.testng.TestNG.run(TestNG.java:1060)
	at org.testng.remote.AbstractRemoteTestNG.run(AbstractRemoteTestNG.java:115)
	at org.testng.remote.RemoteTestNG.initAndRun(RemoteTestNG.java:251)
	at org.testng.remote.RemoteTestNG.main(RemoteTestNG.java:77)
</pre></div></td>
<td>0</td>
<td>com.tutoialsninja.qa.testcasesWithPageObject.SearchTest@1623b78d</td></tr>
</table><p>
</body>
</html>