<?xml version="1.0" encoding="UTF-8"?>
<!-- Generated by org.testng.reporters.JUnitXMLReporter -->
<testsuite ignored="0" hostname="DESKTOP-OC8SAEU" failures="1" tests="14" name="TutorialsNinja Tests" time="77.693" errors="0" timestamp="2023-02-08T18:04:46 GMT">
  <testcase classname="com.tutoialsninja.qa.testcasesWithPageObject.LoginTest" name="verifyLoginWithValidCredentials" time="1.209"/>
  <testcase classname="com.tutoialsninja.qa.testcasesWithPageObject.LoginTest" name="verifyLoginWithValidCredentials" time="1.192"/>
  <testcase classname="com.tutoialsninja.qa.testcasesWithPageObject.LoginTest" name="verifyLoginWithValidCredentials" time="1.062"/>
  <testcase classname="com.tutoialsninja.qa.testcasesWithPageObject.LoginTest" name="verifyLoginWithInvalidCredentials" time="0.951"/>
  <testcase classname="com.tutoialsninja.qa.testcasesWithPageObject.LoginTest" name="verifyLoginWithInvalidEmailAndInvalidPasswordCredentials" time="0.96"/>
  <testcase classname="com.tutoialsninja.qa.testcasesWithPageObject.LoginTest" name="verifyLoginWithValidEmailAndInvalidPasswordCredentials" time="0.84"/>
  <testcase classname="com.tutoialsninja.qa.testcasesWithPageObject.LoginTest" name="verifyLoginWithoutEmailAndPassword" time="0.543"/>
  <testcase classname="com.tutoialsninja.qa.testcasesWithPageObject.RegisterTest" name="verifyRegisteringAnAccountWithMandatoryFields" time="1.651"/>
  <testcase classname="com.tutoialsninja.qa.testcasesWithPageObject.RegisterTest" name="verifyRegisteringAnAccountByProvidindAllFields" time="1.774"/>
  <testcase classname="com.tutoialsninja.qa.testcasesWithPageObject.RegisterTest" name="verifyRegisteringAnAccountWithAnExistingEmailAddress" time="1.498"/>
  <testcase classname="com.tutoialsninja.qa.testcasesWithPageObject.RegisterTest" name="verifyRegisteringAnAccountWithoutFillingAnyDetails" time="0.724"/>
  <testcase classname="com.tutoialsninja.qa.testcasesWithPageObject.SearchTest" name="verifySearchWithValidProduct" time="0.744"/>
  <testcase classname="com.tutoialsninja.qa.testcasesWithPageObject.SearchTest" name="verifySearchWithInvalidProduct" time="0.633">
    <failure type="java.lang.AssertionError" message="No product message in search results is not displayed expected [abcd] but found [There is no product that matches the search criteria.]">
      <![CDATA[java.lang.AssertionError: No product message in search results is not displayed expected [abcd] but found [There is no product that matches the search criteria.]
at com.tutoialsninja.qa.testcasesWithPageObject.SearchTest.verifySearchWithInvalidProduct(SearchTest.java:49)
at java.base/java.util.ArrayList.forEach(ArrayList.java:1511)
... Removed 30 stack frames]]>
    </failure>
  </testcase> <!-- verifySearchWithInvalidProduct -->
  <testcase classname="com.tutoialsninja.qa.testcasesWithPageObject.SearchTest" name="verifySearchWithoutAnyProduct" time="0.0">
    <skipped/>
  </testcase> <!-- verifySearchWithoutAnyProduct -->
</testsuite> <!-- TutorialsNinja Tests -->
